[DEBUG] 2018-10-02 22:14:07.525 [main] IntegratorServiceImpl - Adding Integrator [org.hibernate.cfg.beanvalidation.BeanValidationIntegrator].
[DEBUG] 2018-10-02 22:14:07.556 [main] IntegratorServiceImpl - Adding Integrator [org.hibernate.secure.spi.JaccIntegrator].
[DEBUG] 2018-10-02 22:14:07.572 [main] IntegratorServiceImpl - Adding Integrator [org.hibernate.cache.internal.CollectionCacheInvalidator].
[INFO ] 2018-10-02 22:14:08.103 [main] Version - HHH000412: Hibernate Core {5.2.12.Final}
[INFO ] 2018-10-02 22:14:08.106 [main] Environment - HHH000206: hibernate.properties not found
[DEBUG] 2018-10-02 22:14:08.200 [main] LocalXmlResourceResolver - Interpreting public/system identifier : [-//Hibernate/Hibernate Configuration DTD//EN] - [http://www.hibernate.org/dtd/hibernate-configuration-3.0.dtd]
[DEBUG] 2018-10-02 22:14:08.201 [main] LocalXmlResourceResolver - Recognized hibernate-configuration identifier; attempting to resolve on classpath under org/hibernate/
[DEBUG] 2018-10-02 22:14:08.209 [main] JaxbCfgProcessor - cfg.xml document did not define namespaces; wrapping in custom event reader to introduce namespace information
[DEBUG] 2018-10-02 22:14:09.317 [main] ServiceBinding - Overriding existing service binding [org.hibernate.secure.spi.JaccService]
[DEBUG] 2018-10-02 22:14:09.459 [main] RegionFactoryInitiator - Cache region factory : org.hibernate.cache.internal.NoCachingRegionFactory
[INFO ] 2018-10-02 22:14:09.516 [main] Version - HCANN000001: Hibernate Commons Annotations {5.0.1.Final}
[DEBUG] 2018-10-02 22:14:09.649 [main] BasicTypeRegistry - Adding type registration boolean -> org.hibernate.type.BooleanType@58e1d9d
[DEBUG] 2018-10-02 22:14:09.661 [main] BasicTypeRegistry - Adding type registration boolean -> org.hibernate.type.BooleanType@58e1d9d
[DEBUG] 2018-10-02 22:14:09.662 [main] BasicTypeRegistry - Adding type registration java.lang.Boolean -> org.hibernate.type.BooleanType@58e1d9d
[DEBUG] 2018-10-02 22:14:09.668 [main] BasicTypeRegistry - Adding type registration numeric_boolean -> org.hibernate.type.NumericBooleanType@47caedad
[DEBUG] 2018-10-02 22:14:09.670 [main] BasicTypeRegistry - Adding type registration true_false -> org.hibernate.type.TrueFalseType@126253fd
[DEBUG] 2018-10-02 22:14:09.672 [main] BasicTypeRegistry - Adding type registration yes_no -> org.hibernate.type.YesNoType@5c86a017
[DEBUG] 2018-10-02 22:14:09.694 [main] BasicTypeRegistry - Adding type registration byte -> org.hibernate.type.ByteType@4dc27487
[DEBUG] 2018-10-02 22:14:09.694 [main] BasicTypeRegistry - Adding type registration byte -> org.hibernate.type.ByteType@4dc27487
[DEBUG] 2018-10-02 22:14:09.694 [main] BasicTypeRegistry - Adding type registration java.lang.Byte -> org.hibernate.type.ByteType@4dc27487
[DEBUG] 2018-10-02 22:14:09.701 [main] BasicTypeRegistry - Adding type registration character -> org.hibernate.type.CharacterType@6933b6c6
[DEBUG] 2018-10-02 22:14:09.702 [main] BasicTypeRegistry - Adding type registration char -> org.hibernate.type.CharacterType@6933b6c6
[DEBUG] 2018-10-02 22:14:09.702 [main] BasicTypeRegistry - Adding type registration java.lang.Character -> org.hibernate.type.CharacterType@6933b6c6
[DEBUG] 2018-10-02 22:14:09.704 [main] BasicTypeRegistry - Adding type registration short -> org.hibernate.type.ShortType@d23e042
[DEBUG] 2018-10-02 22:14:09.704 [main] BasicTypeRegistry - Adding type registration short -> org.hibernate.type.ShortType@d23e042
[DEBUG] 2018-10-02 22:14:09.705 [main] BasicTypeRegistry - Adding type registration java.lang.Short -> org.hibernate.type.ShortType@d23e042
[DEBUG] 2018-10-02 22:14:09.720 [main] BasicTypeRegistry - Adding type registration integer -> org.hibernate.type.IntegerType@6cd24612
[DEBUG] 2018-10-02 22:14:09.720 [main] BasicTypeRegistry - Adding type registration int -> org.hibernate.type.IntegerType@6cd24612
[DEBUG] 2018-10-02 22:14:09.720 [main] BasicTypeRegistry - Adding type registration java.lang.Integer -> org.hibernate.type.IntegerType@6cd24612
[DEBUG] 2018-10-02 22:14:09.723 [main] BasicTypeRegistry - Adding type registration long -> org.hibernate.type.LongType@14bdbc74
[DEBUG] 2018-10-02 22:14:09.723 [main] BasicTypeRegistry - Adding type registration long -> org.hibernate.type.LongType@14bdbc74
[DEBUG] 2018-10-02 22:14:09.723 [main] BasicTypeRegistry - Adding type registration java.lang.Long -> org.hibernate.type.LongType@14bdbc74
[DEBUG] 2018-10-02 22:14:09.739 [main] BasicTypeRegistry - Adding type registration float -> org.hibernate.type.FloatType@508dec2b
[DEBUG] 2018-10-02 22:14:09.740 [main] BasicTypeRegistry - Adding type registration float -> org.hibernate.type.FloatType@508dec2b
[DEBUG] 2018-10-02 22:14:09.740 [main] BasicTypeRegistry - Adding type registration java.lang.Float -> org.hibernate.type.FloatType@508dec2b
[DEBUG] 2018-10-02 22:14:09.752 [main] BasicTypeRegistry - Adding type registration double -> org.hibernate.type.DoubleType@7486b455
[DEBUG] 2018-10-02 22:14:09.752 [main] BasicTypeRegistry - Adding type registration double -> org.hibernate.type.DoubleType@7486b455
[DEBUG] 2018-10-02 22:14:09.755 [main] BasicTypeRegistry - Adding type registration java.lang.Double -> org.hibernate.type.DoubleType@7486b455
[DEBUG] 2018-10-02 22:14:09.775 [main] BasicTypeRegistry - Adding type registration big_decimal -> org.hibernate.type.BigDecimalType@69ee81fc
[DEBUG] 2018-10-02 22:14:09.775 [main] BasicTypeRegistry - Adding type registration java.math.BigDecimal -> org.hibernate.type.BigDecimalType@69ee81fc
[DEBUG] 2018-10-02 22:14:09.778 [main] BasicTypeRegistry - Adding type registration big_integer -> org.hibernate.type.BigIntegerType@29f7cefd
[DEBUG] 2018-10-02 22:14:09.778 [main] BasicTypeRegistry - Adding type registration java.math.BigInteger -> org.hibernate.type.BigIntegerType@29f7cefd
[DEBUG] 2018-10-02 22:14:09.781 [main] BasicTypeRegistry - Adding type registration string -> org.hibernate.type.StringType@13d73f29
[DEBUG] 2018-10-02 22:14:09.782 [main] BasicTypeRegistry - Adding type registration java.lang.String -> org.hibernate.type.StringType@13d73f29
[DEBUG] 2018-10-02 22:14:09.796 [main] BasicTypeRegistry - Adding type registration nstring -> org.hibernate.type.StringNVarcharType@2fb0623e
[DEBUG] 2018-10-02 22:14:09.824 [main] BasicTypeRegistry - Adding type registration ncharacter -> org.hibernate.type.CharacterNCharType@311bf055
[DEBUG] 2018-10-02 22:14:09.826 [main] BasicTypeRegistry - Adding type registration url -> org.hibernate.type.UrlType@78452606
[DEBUG] 2018-10-02 22:14:09.826 [main] BasicTypeRegistry - Adding type registration java.net.URL -> org.hibernate.type.UrlType@78452606
[DEBUG] 2018-10-02 22:14:09.847 [main] BasicTypeRegistry - Adding type registration Duration -> org.hibernate.type.DurationType@7098b907
[DEBUG] 2018-10-02 22:14:09.847 [main] BasicTypeRegistry - Adding type registration java.time.Duration -> org.hibernate.type.DurationType@7098b907
[DEBUG] 2018-10-02 22:14:09.942 [main] BasicTypeRegistry - Adding type registration Instant -> org.hibernate.type.InstantType@e3b3b2f
[DEBUG] 2018-10-02 22:14:09.966 [main] BasicTypeRegistry - Adding type registration java.time.Instant -> org.hibernate.type.InstantType@e3b3b2f
[DEBUG] 2018-10-02 22:14:09.969 [main] BasicTypeRegistry - Adding type registration LocalDateTime -> org.hibernate.type.LocalDateTimeType@1a5b6f42
[DEBUG] 2018-10-02 22:14:09.971 [main] BasicTypeRegistry - Adding type registration java.time.LocalDateTime -> org.hibernate.type.LocalDateTimeType@1a5b6f42
[DEBUG] 2018-10-02 22:14:09.974 [main] BasicTypeRegistry - Adding type registration LocalDate -> org.hibernate.type.LocalDateType@4b8729ff
[DEBUG] 2018-10-02 22:14:09.974 [main] BasicTypeRegistry - Adding type registration java.time.LocalDate -> org.hibernate.type.LocalDateType@4b8729ff
[DEBUG] 2018-10-02 22:14:09.976 [main] BasicTypeRegistry - Adding type registration LocalTime -> org.hibernate.type.LocalTimeType@2bdd8394
[DEBUG] 2018-10-02 22:14:09.977 [main] BasicTypeRegistry - Adding type registration java.time.LocalTime -> org.hibernate.type.LocalTimeType@2bdd8394
[DEBUG] 2018-10-02 22:14:10.000 [main] BasicTypeRegistry - Adding type registration OffsetDateTime -> org.hibernate.type.OffsetDateTimeType@41488b16
[DEBUG] 2018-10-02 22:14:10.001 [main] BasicTypeRegistry - Adding type registration java.time.OffsetDateTime -> org.hibernate.type.OffsetDateTimeType@41488b16
[DEBUG] 2018-10-02 22:14:10.021 [main] BasicTypeRegistry - Adding type registration OffsetTime -> org.hibernate.type.OffsetTimeType@22f59fa
[DEBUG] 2018-10-02 22:14:10.021 [main] BasicTypeRegistry - Adding type registration java.time.OffsetTime -> org.hibernate.type.OffsetTimeType@22f59fa
[DEBUG] 2018-10-02 22:14:10.045 [main] BasicTypeRegistry - Adding type registration ZonedDateTime -> org.hibernate.type.ZonedDateTimeType@53f3bdbd
[DEBUG] 2018-10-02 22:14:10.045 [main] BasicTypeRegistry - Adding type registration java.time.ZonedDateTime -> org.hibernate.type.ZonedDateTimeType@53f3bdbd
[DEBUG] 2018-10-02 22:14:10.048 [main] BasicTypeRegistry - Adding type registration date -> org.hibernate.type.DateType@4ef74c30
[DEBUG] 2018-10-02 22:14:10.048 [main] BasicTypeRegistry - Adding type registration java.sql.Date -> org.hibernate.type.DateType@4ef74c30
[DEBUG] 2018-10-02 22:14:10.067 [main] BasicTypeRegistry - Adding type registration time -> org.hibernate.type.TimeType@536dbea0
[DEBUG] 2018-10-02 22:14:10.068 [main] BasicTypeRegistry - Adding type registration java.sql.Time -> org.hibernate.type.TimeType@536dbea0
[DEBUG] 2018-10-02 22:14:10.074 [main] BasicTypeRegistry - Adding type registration timestamp -> org.hibernate.type.TimestampType@18ece7f4
[DEBUG] 2018-10-02 22:14:10.074 [main] BasicTypeRegistry - Adding type registration java.sql.Timestamp -> org.hibernate.type.TimestampType@18ece7f4
[DEBUG] 2018-10-02 22:14:10.074 [main] BasicTypeRegistry - Adding type registration java.util.Date -> org.hibernate.type.TimestampType@18ece7f4
[DEBUG] 2018-10-02 22:14:10.077 [main] BasicTypeRegistry - Adding type registration dbtimestamp -> org.hibernate.type.DbTimestampType@33f676f6
[DEBUG] 2018-10-02 22:14:10.086 [main] BasicTypeRegistry - Adding type registration calendar -> org.hibernate.type.CalendarType@2e570ded
[DEBUG] 2018-10-02 22:14:10.086 [main] BasicTypeRegistry - Adding type registration java.util.Calendar -> org.hibernate.type.CalendarType@2e570ded
[DEBUG] 2018-10-02 22:14:10.091 [main] BasicTypeRegistry - Adding type registration java.util.GregorianCalendar -> org.hibernate.type.CalendarType@2e570ded
[DEBUG] 2018-10-02 22:14:10.093 [main] BasicTypeRegistry - Adding type registration calendar_date -> org.hibernate.type.CalendarDateType@747f281
[DEBUG] 2018-10-02 22:14:10.102 [main] BasicTypeRegistry - Adding type registration locale -> org.hibernate.type.LocaleType@2ca923bb
[DEBUG] 2018-10-02 22:14:10.103 [main] BasicTypeRegistry - Adding type registration java.util.Locale -> org.hibernate.type.LocaleType@2ca923bb
[DEBUG] 2018-10-02 22:14:10.105 [main] BasicTypeRegistry - Adding type registration currency -> org.hibernate.type.CurrencyType@7de62196
[DEBUG] 2018-10-02 22:14:10.105 [main] BasicTypeRegistry - Adding type registration java.util.Currency -> org.hibernate.type.CurrencyType@7de62196
[DEBUG] 2018-10-02 22:14:10.117 [main] BasicTypeRegistry - Adding type registration timezone -> org.hibernate.type.TimeZoneType@389b0789
[DEBUG] 2018-10-02 22:14:10.118 [main] BasicTypeRegistry - Adding type registration java.util.TimeZone -> org.hibernate.type.TimeZoneType@389b0789
[DEBUG] 2018-10-02 22:14:10.119 [main] BasicTypeRegistry - Adding type registration class -> org.hibernate.type.ClassType@51bd8b5c
[DEBUG] 2018-10-02 22:14:10.127 [main] BasicTypeRegistry - Adding type registration java.lang.Class -> org.hibernate.type.ClassType@51bd8b5c
[DEBUG] 2018-10-02 22:14:10.136 [main] BasicTypeRegistry - Adding type registration uuid-binary -> org.hibernate.type.UUIDBinaryType@1ec9bd38
[DEBUG] 2018-10-02 22:14:10.136 [main] BasicTypeRegistry - Adding type registration java.util.UUID -> org.hibernate.type.UUIDBinaryType@1ec9bd38
[DEBUG] 2018-10-02 22:14:10.137 [main] BasicTypeRegistry - Adding type registration uuid-char -> org.hibernate.type.UUIDCharType@6f8e8894
[DEBUG] 2018-10-02 22:14:10.150 [main] BasicTypeRegistry - Adding type registration binary -> org.hibernate.type.BinaryType@471a9022
[DEBUG] 2018-10-02 22:14:10.150 [main] BasicTypeRegistry - Adding type registration byte[] -> org.hibernate.type.BinaryType@471a9022
[DEBUG] 2018-10-02 22:14:10.151 [main] BasicTypeRegistry - Adding type registration [B -> org.hibernate.type.BinaryType@471a9022
[DEBUG] 2018-10-02 22:14:10.152 [main] BasicTypeRegistry - Adding type registration wrapper-binary -> org.hibernate.type.WrapperBinaryType@4b2c5e02
[DEBUG] 2018-10-02 22:14:10.153 [main] BasicTypeRegistry - Adding type registration Byte[] -> org.hibernate.type.WrapperBinaryType@4b2c5e02
[DEBUG] 2018-10-02 22:14:10.153 [main] BasicTypeRegistry - Adding type registration [Ljava.lang.Byte; -> org.hibernate.type.WrapperBinaryType@4b2c5e02
[DEBUG] 2018-10-02 22:14:10.155 [main] BasicTypeRegistry - Adding type registration row_version -> org.hibernate.type.RowVersionType@6531a794
[DEBUG] 2018-10-02 22:14:10.156 [main] BasicTypeRegistry - Adding type registration image -> org.hibernate.type.ImageType@102cec62
[DEBUG] 2018-10-02 22:14:10.157 [main] BasicTypeRegistry - Adding type registration characters -> org.hibernate.type.CharArrayType@19b89d4
[DEBUG] 2018-10-02 22:14:10.157 [main] BasicTypeRegistry - Adding type registration char[] -> org.hibernate.type.CharArrayType@19b89d4
[DEBUG] 2018-10-02 22:14:10.157 [main] BasicTypeRegistry - Adding type registration [C -> org.hibernate.type.CharArrayType@19b89d4
[DEBUG] 2018-10-02 22:14:10.161 [main] BasicTypeRegistry - Adding type registration wrapper-characters -> org.hibernate.type.CharacterArrayType@14f232c4
[DEBUG] 2018-10-02 22:14:10.161 [main] BasicTypeRegistry - Adding type registration [Ljava.lang.Character; -> org.hibernate.type.CharacterArrayType@14f232c4
[DEBUG] 2018-10-02 22:14:10.161 [main] BasicTypeRegistry - Adding type registration Character[] -> org.hibernate.type.CharacterArrayType@14f232c4
[DEBUG] 2018-10-02 22:14:10.171 [main] BasicTypeRegistry - Adding type registration text -> org.hibernate.type.TextType@7ba8c737
[DEBUG] 2018-10-02 22:14:10.172 [main] BasicTypeRegistry - Adding type registration ntext -> org.hibernate.type.NTextType@31edaa7d
[DEBUG] 2018-10-02 22:14:10.200 [main] BasicTypeRegistry - Adding type registration blob -> org.hibernate.type.BlobType@1df8b5b8
[DEBUG] 2018-10-02 22:14:10.200 [main] BasicTypeRegistry - Adding type registration java.sql.Blob -> org.hibernate.type.BlobType@1df8b5b8
[DEBUG] 2018-10-02 22:14:10.201 [main] BasicTypeRegistry - Adding type registration materialized_blob -> org.hibernate.type.MaterializedBlobType@37911f88
[DEBUG] 2018-10-02 22:14:10.229 [main] BasicTypeRegistry - Adding type registration clob -> org.hibernate.type.ClobType@1130520d
[DEBUG] 2018-10-02 22:14:10.229 [main] BasicTypeRegistry - Adding type registration java.sql.Clob -> org.hibernate.type.ClobType@1130520d
[DEBUG] 2018-10-02 22:14:10.234 [main] BasicTypeRegistry - Adding type registration nclob -> org.hibernate.type.NClobType@14a50707
[DEBUG] 2018-10-02 22:14:10.234 [main] BasicTypeRegistry - Adding type registration java.sql.NClob -> org.hibernate.type.NClobType@14a50707
[DEBUG] 2018-10-02 22:14:10.267 [main] BasicTypeRegistry - Adding type registration materialized_clob -> org.hibernate.type.MaterializedClobType@e3c0e40
[DEBUG] 2018-10-02 22:14:10.269 [main] BasicTypeRegistry - Adding type registration materialized_nclob -> org.hibernate.type.MaterializedNClobType@20d7d6fb
[DEBUG] 2018-10-02 22:14:10.273 [main] BasicTypeRegistry - Adding type registration serializable -> org.hibernate.type.SerializableType@5d43661b
[DEBUG] 2018-10-02 22:14:10.285 [main] BasicTypeRegistry - Adding type registration object -> org.hibernate.type.ObjectType@7b7fdc8
[DEBUG] 2018-10-02 22:14:10.286 [main] BasicTypeRegistry - Adding type registration java.lang.Object -> org.hibernate.type.ObjectType@7b7fdc8
[DEBUG] 2018-10-02 22:14:10.286 [main] BasicTypeRegistry - Adding type registration imm_date -> org.hibernate.type.AdaptedImmutableType@766653e6
[DEBUG] 2018-10-02 22:14:10.287 [main] BasicTypeRegistry - Adding type registration imm_time -> org.hibernate.type.AdaptedImmutableType@4e07b95f
[DEBUG] 2018-10-02 22:14:10.287 [main] BasicTypeRegistry - Adding type registration imm_timestamp -> org.hibernate.type.AdaptedImmutableType@28b46423
[DEBUG] 2018-10-02 22:14:10.287 [main] BasicTypeRegistry - Adding type registration imm_dbtimestamp -> org.hibernate.type.AdaptedImmutableType@7fc4780b
[DEBUG] 2018-10-02 22:14:10.287 [main] BasicTypeRegistry - Adding type registration imm_calendar -> org.hibernate.type.AdaptedImmutableType@3b79fd76
[DEBUG] 2018-10-02 22:14:10.287 [main] BasicTypeRegistry - Adding type registration imm_calendar_date -> org.hibernate.type.AdaptedImmutableType@48c76607
[DEBUG] 2018-10-02 22:14:10.287 [main] BasicTypeRegistry - Adding type registration imm_binary -> org.hibernate.type.AdaptedImmutableType@43599640
[DEBUG] 2018-10-02 22:14:10.287 [main] BasicTypeRegistry - Adding type registration imm_serializable -> org.hibernate.type.AdaptedImmutableType@1f81aa00
[INFO ] 2018-10-02 22:14:10.483 [main] C3P0ConnectionProvider - HHH010002: C3P0 using driver: com.mysql.jdbc.Driver at URL: jdbc:mysql://localhost:3306/HikerWebsiteDB
[INFO ] 2018-10-02 22:14:10.494 [main] C3P0ConnectionProvider - HHH10001001: Connection properties: {user=root, password=****}
[INFO ] 2018-10-02 22:14:10.495 [main] C3P0ConnectionProvider - HHH10001003: Autocommit mode: false
[INFO ] 2018-10-02 22:14:11.210 [main] C3P0ConnectionProvider - HHH10001007: JDBC isolation level: <unknown>
[DEBUG] 2018-10-02 22:14:12.518 [main] JdbcEnvironmentInitiator - Database ->
       name : MySQL
    version : 5.7.23-0ubuntu0.16.04.1
      major : 5
      minor : 7
[DEBUG] 2018-10-02 22:14:12.532 [main] JdbcEnvironmentInitiator - Driver ->
       name : MySQL Connector Java
    version : mysql-connector-java-5.1.39 ( Revision: 3289a357af6d09ecc1a10fd3c26e95183e5790ad )
      major : 5
      minor : 1
[DEBUG] 2018-10-02 22:14:12.532 [main] JdbcEnvironmentInitiator - JDBC version : 4.0
[INFO ] 2018-10-02 22:14:12.637 [main] Dialect - HHH000400: Using dialect: org.hibernate.dialect.MySQL5Dialect
[DEBUG] 2018-10-02 22:14:12.982 [main] IdentifierHelperBuilder - JDBC driver metadata reported database stores quoted identifiers in more than one case
[DEBUG] 2018-10-02 22:14:12.998 [main] IdentifierHelperBuilder - IdentifierCaseStrategy for both quoted and unquoted identifiers was set to the same strategy [MIXED]; that will likely lead to problems in schema update and validation if using quoted identifiers
[DEBUG] 2018-10-02 22:14:13.202 [main] DefaultIdentifierGeneratorFactory - Registering IdentifierGenerator strategy [uuid2] -> [org.hibernate.id.UUIDGenerator]
[DEBUG] 2018-10-02 22:14:13.203 [main] DefaultIdentifierGeneratorFactory - Registering IdentifierGenerator strategy [guid] -> [org.hibernate.id.GUIDGenerator]
[DEBUG] 2018-10-02 22:14:13.204 [main] DefaultIdentifierGeneratorFactory - Registering IdentifierGenerator strategy [uuid] -> [org.hibernate.id.UUIDHexGenerator]
[DEBUG] 2018-10-02 22:14:13.205 [main] DefaultIdentifierGeneratorFactory - Registering IdentifierGenerator strategy [uuid.hex] -> [org.hibernate.id.UUIDHexGenerator]
[DEBUG] 2018-10-02 22:14:13.206 [main] DefaultIdentifierGeneratorFactory - Registering IdentifierGenerator strategy [assigned] -> [org.hibernate.id.Assigned]
[DEBUG] 2018-10-02 22:14:13.208 [main] DefaultIdentifierGeneratorFactory - Registering IdentifierGenerator strategy [identity] -> [org.hibernate.id.IdentityGenerator]
[DEBUG] 2018-10-02 22:14:13.209 [main] DefaultIdentifierGeneratorFactory - Registering IdentifierGenerator strategy [select] -> [org.hibernate.id.SelectGenerator]
[DEBUG] 2018-10-02 22:14:13.211 [main] DefaultIdentifierGeneratorFactory - Registering IdentifierGenerator strategy [sequence] -> [org.hibernate.id.enhanced.SequenceStyleGenerator]
[DEBUG] 2018-10-02 22:14:13.212 [main] DefaultIdentifierGeneratorFactory - Registering IdentifierGenerator strategy [seqhilo] -> [org.hibernate.id.SequenceHiLoGenerator]
[DEBUG] 2018-10-02 22:14:13.213 [main] DefaultIdentifierGeneratorFactory - Registering IdentifierGenerator strategy [increment] -> [org.hibernate.id.IncrementGenerator]
[DEBUG] 2018-10-02 22:14:13.214 [main] DefaultIdentifierGeneratorFactory - Registering IdentifierGenerator strategy [foreign] -> [org.hibernate.id.ForeignGenerator]
[DEBUG] 2018-10-02 22:14:13.216 [main] DefaultIdentifierGeneratorFactory - Registering IdentifierGenerator strategy [sequence-identity] -> [org.hibernate.id.SequenceIdentityGenerator]
[DEBUG] 2018-10-02 22:14:13.216 [main] DefaultIdentifierGeneratorFactory - Registering IdentifierGenerator strategy [enhanced-sequence] -> [org.hibernate.id.enhanced.SequenceStyleGenerator]
[DEBUG] 2018-10-02 22:14:13.231 [main] DefaultIdentifierGeneratorFactory - Registering IdentifierGenerator strategy [enhanced-table] -> [org.hibernate.id.enhanced.TableGenerator]
[DEBUG] 2018-10-02 22:14:13.337 [main] Namespace - Created database namespace [logicalName=Name{catalog=null, schema=null}, physicalName=Name{catalog=null, schema=null}]
[DEBUG] 2018-10-02 22:14:13.547 [main] AnnotationBinder - Binding entity from annotated class: edu.matc.entity.HikerAccount
[DEBUG] 2018-10-02 22:14:13.644 [main] Ejb3Column - Binding column: Ejb3DiscriminatorColumn{logicalColumnName'DTYPE', discriminatorTypeName='string'}
[DEBUG] 2018-10-02 22:14:13.670 [main] EntityBinder - Import with entity name HikerAccount
[DEBUG] 2018-10-02 22:14:13.679 [main] EntityBinder - Bind entity edu.matc.entity.HikerAccount on table Hiker_Account
[DEBUG] 2018-10-02 22:14:13.806 [main] Ejb3Column - Binding column: Ejb3Column{table=org.hibernate.mapping.Table(Hiker_Account), mappingColumn=id, insertable=true, updatable=true, unique=false}
[DEBUG] 2018-10-02 22:14:13.815 [main] PropertyBinder - MetadataSourceProcessor property id with lazy=false
[DEBUG] 2018-10-02 22:14:13.818 [main] AbstractPropertyHolder - Attempting to locate auto-apply AttributeConverter for property [edu.matc.entity.HikerAccount:id]
[DEBUG] 2018-10-02 22:14:13.820 [main] SimpleValueBinder - building SimpleValue for id
[DEBUG] 2018-10-02 22:14:13.824 [main] PropertyBinder - Building property id
[DEBUG] 2018-10-02 22:14:13.849 [main] Ejb3Column - Binding column: Ejb3Column{table=org.hibernate.mapping.Table(Hiker_Account), mappingColumn=city, insertable=true, updatable=true, unique=false}
[DEBUG] 2018-10-02 22:14:13.849 [main] PropertyBinder - MetadataSourceProcessor property city with lazy=false
[DEBUG] 2018-10-02 22:14:13.850 [main] AbstractPropertyHolder - Attempting to locate auto-apply AttributeConverter for property [edu.matc.entity.HikerAccount:city]
[DEBUG] 2018-10-02 22:14:13.850 [main] SimpleValueBinder - building SimpleValue for city
[DEBUG] 2018-10-02 22:14:13.850 [main] PropertyBinder - Building property city
[DEBUG] 2018-10-02 22:14:13.850 [main] Ejb3Column - Binding column: Ejb3Column{table=org.hibernate.mapping.Table(Hiker_Account), mappingColumn=email_address, insertable=true, updatable=true, unique=false}
[DEBUG] 2018-10-02 22:14:13.865 [main] PropertyBinder - MetadataSourceProcessor property emailAddress with lazy=false
[DEBUG] 2018-10-02 22:14:13.865 [main] AbstractPropertyHolder - Attempting to locate auto-apply AttributeConverter for property [edu.matc.entity.HikerAccount:emailAddress]
[DEBUG] 2018-10-02 22:14:13.865 [main] SimpleValueBinder - building SimpleValue for emailAddress
[DEBUG] 2018-10-02 22:14:13.866 [main] PropertyBinder - Building property emailAddress
[DEBUG] 2018-10-02 22:14:13.866 [main] Ejb3Column - Binding column: Ejb3Column{table=org.hibernate.mapping.Table(Hiker_Account), mappingColumn=first_name, insertable=true, updatable=true, unique=false}
[DEBUG] 2018-10-02 22:14:13.866 [main] PropertyBinder - MetadataSourceProcessor property firstName with lazy=false
[DEBUG] 2018-10-02 22:14:13.866 [main] AbstractPropertyHolder - Attempting to locate auto-apply AttributeConverter for property [edu.matc.entity.HikerAccount:firstName]
[DEBUG] 2018-10-02 22:14:13.866 [main] SimpleValueBinder - building SimpleValue for firstName
[DEBUG] 2018-10-02 22:14:13.866 [main] PropertyBinder - Building property firstName
[DEBUG] 2018-10-02 22:14:13.867 [main] Ejb3Column - Binding column: Ejb3Column{table=org.hibernate.mapping.Table(Hiker_Account), mappingColumn=last_name, insertable=true, updatable=true, unique=false}
[DEBUG] 2018-10-02 22:14:13.867 [main] PropertyBinder - MetadataSourceProcessor property lastName with lazy=false
[DEBUG] 2018-10-02 22:14:13.867 [main] AbstractPropertyHolder - Attempting to locate auto-apply AttributeConverter for property [edu.matc.entity.HikerAccount:lastName]
[DEBUG] 2018-10-02 22:14:13.867 [main] SimpleValueBinder - building SimpleValue for lastName
[DEBUG] 2018-10-02 22:14:13.867 [main] PropertyBinder - Building property lastName
[DEBUG] 2018-10-02 22:14:13.868 [main] Ejb3Column - Binding column: Ejb3Column{table=org.hibernate.mapping.Table(Hiker_Account), mappingColumn=state, insertable=true, updatable=true, unique=false}
[DEBUG] 2018-10-02 22:14:13.868 [main] PropertyBinder - MetadataSourceProcessor property state with lazy=false
[DEBUG] 2018-10-02 22:14:13.868 [main] AbstractPropertyHolder - Attempting to locate auto-apply AttributeConverter for property [edu.matc.entity.HikerAccount:state]
[DEBUG] 2018-10-02 22:14:13.868 [main] SimpleValueBinder - building SimpleValue for state
[DEBUG] 2018-10-02 22:14:13.868 [main] PropertyBinder - Building property state
[DEBUG] 2018-10-02 22:14:13.873 [main] SimpleValueBinder - Starting fillSimpleValue for id
[DEBUG] 2018-10-02 22:14:13.873 [main] SimpleValueBinder - Starting fillSimpleValue for city
[DEBUG] 2018-10-02 22:14:13.873 [main] SimpleValueBinder - Starting fillSimpleValue for emailAddress
[DEBUG] 2018-10-02 22:14:13.877 [main] SimpleValueBinder - Starting fillSimpleValue for firstName
[DEBUG] 2018-10-02 22:14:13.877 [main] SimpleValueBinder - Starting fillSimpleValue for lastName
[DEBUG] 2018-10-02 22:14:13.877 [main] SimpleValueBinder - Starting fillSimpleValue for state
[DEBUG] 2018-10-02 22:14:13.880 [main] PrimaryKey - Forcing column [id] to be non-null as it is part of the primary key for table [hiker_account]
[DEBUG] 2018-10-02 22:14:13.984 [main] SessionFactoryImpl - Building session factory
[DEBUG] 2018-10-02 22:14:13.995 [main] Settings - SessionFactory name : null
[DEBUG] 2018-10-02 22:14:13.996 [main] Settings - Automatic flush during beforeCompletion(): enabled
[DEBUG] 2018-10-02 22:14:13.996 [main] Settings - Automatic session close at end of transaction: disabled
[DEBUG] 2018-10-02 22:14:13.996 [main] Settings - Statistics: disabled
[DEBUG] 2018-10-02 22:14:13.996 [main] Settings - Deleted entity synthetic identifier rollback: disabled
[DEBUG] 2018-10-02 22:14:13.997 [main] Settings - Default entity-mode: pojo
[DEBUG] 2018-10-02 22:14:13.997 [main] Settings - Check Nullability in Core (should be disabled when Bean Validation is on): enabled
[DEBUG] 2018-10-02 22:14:13.997 [main] Settings - Allow initialization of lazy state outside session : disabled
[DEBUG] 2018-10-02 22:14:13.997 [main] Settings - Using BatchFetchStyle : LEGACY
[DEBUG] 2018-10-02 22:14:13.997 [main] Settings - Default batch fetch size: -1
[DEBUG] 2018-10-02 22:14:13.997 [main] Settings - Maximum outer join fetch depth: 2
[DEBUG] 2018-10-02 22:14:13.998 [main] Settings - Default null ordering: NONE
[DEBUG] 2018-10-02 22:14:13.998 [main] Settings - Order SQL updates by primary key: disabled
[DEBUG] 2018-10-02 22:14:13.998 [main] Settings - Order SQL inserts for batching: disabled
[DEBUG] 2018-10-02 22:14:13.998 [main] Settings - multi-tenancy strategy : NONE
[DEBUG] 2018-10-02 22:14:13.998 [main] Settings - JTA Track by Thread: enabled
[DEBUG] 2018-10-02 22:14:13.998 [main] Settings - Query language substitutions: {}
[DEBUG] 2018-10-02 22:14:13.998 [main] Settings - JPA query language strict compliance: disabled
[DEBUG] 2018-10-02 22:14:13.999 [main] Settings - Named query checking : enabled
[DEBUG] 2018-10-02 22:14:13.999 [main] Settings - Second-level cache: enabled
[DEBUG] 2018-10-02 22:14:13.999 [main] Settings - Second-level query cache: disabled
[DEBUG] 2018-10-02 22:14:14.000 [main] Settings - Second-level query cache factory: org.hibernate.cache.internal.StandardQueryCacheFactory@3f28bd56
[DEBUG] 2018-10-02 22:14:14.000 [main] Settings - Second-level cache region prefix: null
[DEBUG] 2018-10-02 22:14:14.000 [main] Settings - Optimize second-level cache for minimal puts: disabled
[DEBUG] 2018-10-02 22:14:14.000 [main] Settings - Structured second-level cache entries: disabled
[DEBUG] 2018-10-02 22:14:14.000 [main] Settings - Second-level cache direct-reference entries: disabled
[DEBUG] 2018-10-02 22:14:14.000 [main] Settings - Automatic eviction of collection cache: disabled
[DEBUG] 2018-10-02 22:14:14.000 [main] Settings - JDBC batch size: 15
[DEBUG] 2018-10-02 22:14:14.001 [main] Settings - JDBC batch updates for versioned data: enabled
[DEBUG] 2018-10-02 22:14:14.001 [main] Settings - Scrollable result sets: enabled
[DEBUG] 2018-10-02 22:14:14.001 [main] Settings - Wrap result sets: disabled
[DEBUG] 2018-10-02 22:14:14.001 [main] Settings - JDBC3 getGeneratedKeys(): enabled
[DEBUG] 2018-10-02 22:14:14.001 [main] Settings - JDBC result set fetch size: null
[DEBUG] 2018-10-02 22:14:14.001 [main] Settings - Connection release mode: AFTER_TRANSACTION
[DEBUG] 2018-10-02 22:14:14.002 [main] Settings - Generate SQL with comments: disabled
[DEBUG] 2018-10-02 22:14:14.148 [main] SessionFactoryImpl - Session factory constructed with filter configurations : {}
[DEBUG] 2018-10-02 22:14:14.148 [main] SessionFactoryImpl - Instantiating session factory with properties: {sun.desktop=gnome, awt.toolkit=sun.awt.X11.XToolkit, file.encoding.pkg=sun.io, java.specification.version=1.8, hibernate.c3p0.idle_test_period=3000, sun.cpu.isalist=, sun.jnu.encoding=UTF-8, hibernate.c3p0.min_size=5, java.class.path=/home/student/intellij/lib/idea_rt.jar:/home/student/intellij/plugins/junit/lib/junit-rt.jar:/home/student/intellij/plugins/junit/lib/junit5-rt.jar:/usr/lib/jvm/java-8-oracle/jre/lib/charsets.jar:/usr/lib/jvm/java-8-oracle/jre/lib/deploy.jar:/usr/lib/jvm/java-8-oracle/jre/lib/ext/cldrdata.jar:/usr/lib/jvm/java-8-oracle/jre/lib/ext/dnsns.jar:/usr/lib/jvm/java-8-oracle/jre/lib/ext/jaccess.jar:/usr/lib/jvm/java-8-oracle/jre/lib/ext/jfxrt.jar:/usr/lib/jvm/java-8-oracle/jre/lib/ext/localedata.jar:/usr/lib/jvm/java-8-oracle/jre/lib/ext/nashorn.jar:/usr/lib/jvm/java-8-oracle/jre/lib/ext/sunec.jar:/usr/lib/jvm/java-8-oracle/jre/lib/ext/sunjce_provider.jar:/usr/lib/jvm/java-8-oracle/jre/lib/ext/sunpkcs11.jar:/usr/lib/jvm/java-8-oracle/jre/lib/ext/zipfs.jar:/usr/lib/jvm/java-8-oracle/jre/lib/javaws.jar:/usr/lib/jvm/java-8-oracle/jre/lib/jce.jar:/usr/lib/jvm/java-8-oracle/jre/lib/jfr.jar:/usr/lib/jvm/java-8-oracle/jre/lib/jfxswt.jar:/usr/lib/jvm/java-8-oracle/jre/lib/jsse.jar:/usr/lib/jvm/java-8-oracle/jre/lib/management-agent.jar:/usr/lib/jvm/java-8-oracle/jre/lib/plugin.jar:/usr/lib/jvm/java-8-oracle/jre/lib/resources.jar:/usr/lib/jvm/java-8-oracle/jre/lib/rt.jar:/home/student/IdeaProjects/HikerWebsiteIndieProject/target/test-classes:/home/student/IdeaProjects/HikerWebsiteIndieProject/target/classes:/home/student/.m2/repository/org/junit/jupiter/junit-jupiter-engine/5.0.0/junit-jupiter-engine-5.0.0.jar:/home/student/.m2/repository/org/apiguardian/apiguardian-api/1.0.0/apiguardian-api-1.0.0.jar:/home/student/.m2/repository/org/junit/platform/junit-platform-engine/1.0.0/junit-platform-engine-1.0.0.jar:/home/student/.m2/repository/org/junit/platform/junit-platform-commons/1.0.0/junit-platform-commons-1.0.0.jar:/home/student/.m2/repository/org/opentest4j/opentest4j/1.0.0/opentest4j-1.0.0.jar:/home/student/.m2/repository/org/junit/jupiter/junit-jupiter-api/5.0.0/junit-jupiter-api-5.0.0.jar:/home/student/.m2/repository/junit/junit/4.12/junit-4.12.jar:/home/student/.m2/repository/org/hamcrest/hamcrest-core/1.3/hamcrest-core-1.3.jar:/home/student/.m2/repository/org/junit/platform/junit-platform-runner/1.0.0/junit-platform-runner-1.0.0.jar:/home/student/.m2/repository/org/junit/platform/junit-platform-launcher/1.0.0/junit-platform-launcher-1.0.0.jar:/home/student/.m2/repository/org/junit/platform/junit-platform-suite-api/1.0.0/junit-platform-suite-api-1.0.0.jar:/home/student/.m2/repository/org/junit/vintage/junit-vintage-engine/4.12.0/junit-vintage-engine-4.12.0.jar:/home/student/.m2/repository/javax/javaee-web-api/7.0/javaee-web-api-7.0.jar:/home/student/.m2/repository/org/apache/logging/log4j/log4j-api/2.10.0/log4j-api-2.10.0.jar:/home/student/.m2/repository/org/apache/logging/log4j/log4j-core/2.10.0/log4j-core-2.10.0.jar:/home/student/.m2/repository/org/hibernate/hibernate-core/5.2.12.Final/hibernate-core-5.2.12.Final.jar:/home/student/.m2/repository/org/jboss/logging/jboss-logging/3.3.0.Final/jboss-logging-3.3.0.Final.jar:/home/student/.m2/repository/org/hibernate/javax/persistence/hibernate-jpa-2.1-api/1.0.0.Final/hibernate-jpa-2.1-api-1.0.0.Final.jar:/home/student/.m2/repository/org/javassist/javassist/3.20.0-GA/javassist-3.20.0-GA.jar:/home/student/.m2/repository/antlr/antlr/2.7.7/antlr-2.7.7.jar:/home/student/.m2/repository/org/jboss/spec/javax/transaction/jboss-transaction-api_1.2_spec/1.0.1.Final/jboss-transaction-api_1.2_spec-1.0.1.Final.jar:/home/student/.m2/repository/org/jboss/jandex/2.0.3.Final/jandex-2.0.3.Final.jar:/home/student/.m2/repository/com/fasterxml/classmate/1.3.0/classmate-1.3.0.jar:/home/student/.m2/repository/dom4j/dom4j/1.6.1/dom4j-1.6.1.jar:/home/student/.m2/repository/org/hibernate/common/hibernate-commons-annotations/5.0.1.Final/hibernate-commons-annotations-5.0.1.Final.jar:/home/student/.m2/repository/org/hibernate/hibernate-c3p0/5.2.12.Final/hibernate-c3p0-5.2.12.Final.jar:/home/student/.m2/repository/com/mchange/c3p0/0.9.5.2/c3p0-0.9.5.2.jar:/home/student/.m2/repository/com/mchange/mchange-commons-java/0.2.11/mchange-commons-java-0.2.11.jar:/home/student/.m2/repository/mysql/mysql-connector-java/5.1.39/mysql-connector-java-5.1.39.jar:/home/student/.m2/repository/jstl/jstl/1.2/jstl-1.2.jar:/home/student/intellij/lib/idea_rt.jar, java.vm.vendor=Oracle Corporation, sun.arch.data.model=64, idea.test.cyclic.buffer.size=1048576, java.vendor.url=http://java.oracle.com/, user.timezone=America/Chicago, os.name=Linux, java.vm.specification.version=1.8, user.country=US, sun.java.launcher=SUN_STANDARD, sun.boot.library.path=/usr/lib/jvm/java-8-oracle/jre/lib/amd64, sun.java.command=com.intellij.rt.execution.junit.JUnitStarter -ideVersion5 -junit5 edu.matc.persistence.HikerAccountDaoTest,getByIdSuccess, sun.cpu.endian=little, hibernate.c3p0.max_statements=50, user.home=/home/student, user.language=en, java.specification.vendor=Oracle Corporation, java.home=/usr/lib/jvm/java-8-oracle/jre, file.separator=/, line.separator=
, hibernate.c3p0.timeout=300, java.vm.specification.vendor=Oracle Corporation, java.specification.name=Java Platform API Specification, java.awt.graphicsenv=sun.awt.X11GraphicsEnvironment, sun.boot.class.path=/usr/lib/jvm/java-8-oracle/jre/lib/resources.jar:/usr/lib/jvm/java-8-oracle/jre/lib/rt.jar:/usr/lib/jvm/java-8-oracle/jre/lib/sunrsasign.jar:/usr/lib/jvm/java-8-oracle/jre/lib/jsse.jar:/usr/lib/jvm/java-8-oracle/jre/lib/jce.jar:/usr/lib/jvm/java-8-oracle/jre/lib/charsets.jar:/usr/lib/jvm/java-8-oracle/jre/lib/jfr.jar:/usr/lib/jvm/java-8-oracle/jre/classes, connection.password=student, sun.management.compiler=HotSpot 64-Bit Tiered Compilers, hibernate.c3p0.max_size=20, java.runtime.version=1.8.0_144-b01, user.name=student, path.separator=:, hibernate.connection.username=root, os.version=4.4.0-57-generic, java.endorsed.dirs=/usr/lib/jvm/java-8-oracle/jre/lib/endorsed, java.runtime.name=Java(TM) SE Runtime Environment, hibernate.connection.url=jdbc:mysql://localhost:3306/HikerWebsiteDB, file.encoding=UTF-8, java.vm.name=Java HotSpot(TM) 64-Bit Server VM, hibernate.connection.driver_class=com.mysql.jdbc.Driver, java.vendor.url.bug=http://bugreport.sun.com/bugreport/, java.io.tmpdir=/tmp, java.version=1.8.0_144, user.dir=/home/student/IdeaProjects/HikerWebsiteIndieProject, os.arch=amd64, connection.username=root, java.vm.specification.name=Java Virtual Machine Specification, hibernate.connection.password=****, java.awt.printerjob=sun.print.PSPrinterJob, sun.os.patch.level=unknown, connection.driver_class=com.mysql.jdbc.Driver, hibernate.boot.CfgXmlAccessService.key=org.hibernate.boot.cfgxml.spi.LoadedConfig@4f8969b0, java.library.path=/usr/java/packages/lib/amd64:/usr/lib64:/lib64:/lib:/usr/lib, java.vm.info=mixed mode, java.vendor=Oracle Corporation, java.vm.version=25.144-b01, hibernate.bytecode.use_reflection_optimizer=false, java.ext.dirs=/usr/lib/jvm/java-8-oracle/jre/lib/ext:/usr/java/packages/lib/ext, sun.io.unicode.encoding=UnicodeLittle, connection.url=jdbc:mysql://localhost:3306/HikerWebsiteDB, java.class.version=52.0}
[DEBUG] 2018-10-02 22:14:14.392 [main] TypeSafeActivator - Unable to acquire Bean Validation ValidatorFactory, skipping activation
[DEBUG] 2018-10-02 22:14:14.394 [main] JaccIntegrator - Skipping JACC integration as it was not enabled
[DEBUG] 2018-10-02 22:14:14.396 [main] SessionFactoryImpl - Instantiated session factory
[DEBUG] 2018-10-02 22:14:14.804 [main] ClassLoaderAccessImpl - Not known whether passed class name [edu.matc.entity.HikerAccount] is safe
[DEBUG] 2018-10-02 22:14:14.805 [main] ClassLoaderAccessImpl - No temp ClassLoader provided; using live ClassLoader for loading potentially unsafe class : edu.matc.entity.HikerAccount
[DEBUG] 2018-10-02 22:14:14.948 [main] ClassLoaderAccessImpl - Not known whether passed class name [edu.matc.entity.HikerAccount] is safe
[DEBUG] 2018-10-02 22:14:14.949 [main] ClassLoaderAccessImpl - No temp ClassLoader provided; using live ClassLoader for loading potentially unsafe class : edu.matc.entity.HikerAccount
[DEBUG] 2018-10-02 22:14:15.226 [main] AbstractEntityPersister - Static SQL for entity: edu.matc.entity.HikerAccount
[DEBUG] 2018-10-02 22:14:15.226 [main] AbstractEntityPersister -  Version select: select id from Hiker_Account where id =?
[DEBUG] 2018-10-02 22:14:15.227 [main] AbstractEntityPersister -  Snapshot select: select hikeraccou_.id, hikeraccou_.city as city2_0_, hikeraccou_.email_address as email_ad3_0_, hikeraccou_.first_name as first_na4_0_, hikeraccou_.last_name as last_nam5_0_, hikeraccou_.state as state6_0_ from Hiker_Account hikeraccou_ where hikeraccou_.id=?
[DEBUG] 2018-10-02 22:14:15.227 [main] AbstractEntityPersister -  Insert 0: insert into Hiker_Account (city, email_address, first_name, last_name, state, id) values (?, ?, ?, ?, ?, ?)
[DEBUG] 2018-10-02 22:14:15.227 [main] AbstractEntityPersister -  Update 0: update Hiker_Account set city=?, email_address=?, first_name=?, last_name=?, state=? where id=?
[DEBUG] 2018-10-02 22:14:15.227 [main] AbstractEntityPersister -  Delete 0: delete from Hiker_Account where id=?
[DEBUG] 2018-10-02 22:14:15.228 [main] AbstractEntityPersister -  Identity insert: insert into Hiker_Account (city, email_address, first_name, last_name, state) values (?, ?, ?, ?, ?)
[DEBUG] 2018-10-02 22:14:15.389 [main] QuerySpacesImpl - Adding QuerySpace : uid = <gen:0> -> org.hibernate.loader.plan.build.internal.spaces.EntityQuerySpaceImpl@3be8821f]
[DEBUG] 2018-10-02 22:14:15.398 [main] MetamodelGraphWalker - Visiting attribute path : city
[DEBUG] 2018-10-02 22:14:15.402 [main] MetamodelGraphWalker - Visiting attribute path : emailAddress
[DEBUG] 2018-10-02 22:14:15.402 [main] MetamodelGraphWalker - Visiting attribute path : firstName
[DEBUG] 2018-10-02 22:14:15.402 [main] MetamodelGraphWalker - Visiting attribute path : lastName
[DEBUG] 2018-10-02 22:14:15.402 [main] MetamodelGraphWalker - Visiting attribute path : state
[DEBUG] 2018-10-02 22:14:15.404 [main] FetchStyleLoadPlanBuildingAssociationVisitationStrategy - Building LoadPlan...
[DEBUG] 2018-10-02 22:14:15.466 [main] LoadQueryJoinAndFetchProcessor - processing queryspace <gen:0>
[DEBUG] 2018-10-02 22:14:15.481 [main] LoadPlanTreePrinter - LoadPlan(entity=edu.matc.entity.HikerAccount)
    - Returns
       - EntityReturnImpl(entity=edu.matc.entity.HikerAccount, querySpaceUid=<gen:0>, path=edu.matc.entity.HikerAccount)
    - QuerySpaces
       - EntityQuerySpaceImpl(uid=<gen:0>, entity=edu.matc.entity.HikerAccount)
          - SQL table alias mapping - hikeraccou0_
          - alias suffix - 0_
          - suffixed key columns - {id1_0_0_}

[DEBUG] 2018-10-02 22:14:15.495 [main] EntityLoader - Static select for entity edu.matc.entity.HikerAccount [NONE]: select hikeraccou0_.id as id1_0_0_, hikeraccou0_.city as city2_0_0_, hikeraccou0_.email_address as email_ad3_0_0_, hikeraccou0_.first_name as first_na4_0_0_, hikeraccou0_.last_name as last_nam5_0_0_, hikeraccou0_.state as state6_0_0_ from Hiker_Account hikeraccou0_ where hikeraccou0_.id=?
[DEBUG] 2018-10-02 22:14:15.496 [main] QuerySpacesImpl - Adding QuerySpace : uid = <gen:0> -> org.hibernate.loader.plan.build.internal.spaces.EntityQuerySpaceImpl@6650813a]
[DEBUG] 2018-10-02 22:14:15.498 [main] MetamodelGraphWalker - Visiting attribute path : city
[DEBUG] 2018-10-02 22:14:15.501 [main] MetamodelGraphWalker - Visiting attribute path : emailAddress
[DEBUG] 2018-10-02 22:14:15.504 [main] MetamodelGraphWalker - Visiting attribute path : firstName
[DEBUG] 2018-10-02 22:14:15.505 [main] MetamodelGraphWalker - Visiting attribute path : lastName
[DEBUG] 2018-10-02 22:14:15.505 [main] MetamodelGraphWalker - Visiting attribute path : state
[DEBUG] 2018-10-02 22:14:15.505 [main] FetchStyleLoadPlanBuildingAssociationVisitationStrategy - Building LoadPlan...
[DEBUG] 2018-10-02 22:14:15.506 [main] LoadQueryJoinAndFetchProcessor - processing queryspace <gen:0>
[DEBUG] 2018-10-02 22:14:15.506 [main] LoadPlanTreePrinter - LoadPlan(entity=edu.matc.entity.HikerAccount)
    - Returns
       - EntityReturnImpl(entity=edu.matc.entity.HikerAccount, querySpaceUid=<gen:0>, path=edu.matc.entity.HikerAccount)
    - QuerySpaces
       - EntityQuerySpaceImpl(uid=<gen:0>, entity=edu.matc.entity.HikerAccount)
          - SQL table alias mapping - hikeraccou0_
          - alias suffix - 0_
          - suffixed key columns - {id1_0_0_}

[DEBUG] 2018-10-02 22:14:15.507 [main] EntityLoader - Static select for entity edu.matc.entity.HikerAccount [READ]: select hikeraccou0_.id as id1_0_0_, hikeraccou0_.city as city2_0_0_, hikeraccou0_.email_address as email_ad3_0_0_, hikeraccou0_.first_name as first_na4_0_0_, hikeraccou0_.last_name as last_nam5_0_0_, hikeraccou0_.state as state6_0_0_ from Hiker_Account hikeraccou0_ where hikeraccou0_.id=?
[DEBUG] 2018-10-02 22:14:15.507 [main] QuerySpacesImpl - Adding QuerySpace : uid = <gen:0> -> org.hibernate.loader.plan.build.internal.spaces.EntityQuerySpaceImpl@50cf5a23]
[DEBUG] 2018-10-02 22:14:15.507 [main] MetamodelGraphWalker - Visiting attribute path : city
[DEBUG] 2018-10-02 22:14:15.508 [main] MetamodelGraphWalker - Visiting attribute path : emailAddress
[DEBUG] 2018-10-02 22:14:15.508 [main] MetamodelGraphWalker - Visiting attribute path : firstName
[DEBUG] 2018-10-02 22:14:15.508 [main] MetamodelGraphWalker - Visiting attribute path : lastName
[DEBUG] 2018-10-02 22:14:15.508 [main] MetamodelGraphWalker - Visiting attribute path : state
[DEBUG] 2018-10-02 22:14:15.508 [main] FetchStyleLoadPlanBuildingAssociationVisitationStrategy - Building LoadPlan...
[DEBUG] 2018-10-02 22:14:15.513 [main] LoadQueryJoinAndFetchProcessor - processing queryspace <gen:0>
[DEBUG] 2018-10-02 22:14:15.513 [main] LoadPlanTreePrinter - LoadPlan(entity=edu.matc.entity.HikerAccount)
    - Returns
       - EntityReturnImpl(entity=edu.matc.entity.HikerAccount, querySpaceUid=<gen:0>, path=edu.matc.entity.HikerAccount)
    - QuerySpaces
       - EntityQuerySpaceImpl(uid=<gen:0>, entity=edu.matc.entity.HikerAccount)
          - SQL table alias mapping - hikeraccou0_
          - alias suffix - 0_
          - suffixed key columns - {id1_0_0_}

[DEBUG] 2018-10-02 22:14:15.514 [main] EntityLoader - Static select for entity edu.matc.entity.HikerAccount [UPGRADE]: select hikeraccou0_.id as id1_0_0_, hikeraccou0_.city as city2_0_0_, hikeraccou0_.email_address as email_ad3_0_0_, hikeraccou0_.first_name as first_na4_0_0_, hikeraccou0_.last_name as last_nam5_0_0_, hikeraccou0_.state as state6_0_0_ from Hiker_Account hikeraccou0_ where hikeraccou0_.id=? for update
[DEBUG] 2018-10-02 22:14:15.514 [main] QuerySpacesImpl - Adding QuerySpace : uid = <gen:0> -> org.hibernate.loader.plan.build.internal.spaces.EntityQuerySpaceImpl@273c947f]
[DEBUG] 2018-10-02 22:14:15.514 [main] MetamodelGraphWalker - Visiting attribute path : city
[DEBUG] 2018-10-02 22:14:15.517 [main] MetamodelGraphWalker - Visiting attribute path : emailAddress
[DEBUG] 2018-10-02 22:14:15.517 [main] MetamodelGraphWalker - Visiting attribute path : firstName
[DEBUG] 2018-10-02 22:14:15.517 [main] MetamodelGraphWalker - Visiting attribute path : lastName
[DEBUG] 2018-10-02 22:14:15.517 [main] MetamodelGraphWalker - Visiting attribute path : state
[DEBUG] 2018-10-02 22:14:15.520 [main] FetchStyleLoadPlanBuildingAssociationVisitationStrategy - Building LoadPlan...
[DEBUG] 2018-10-02 22:14:15.521 [main] LoadQueryJoinAndFetchProcessor - processing queryspace <gen:0>
[DEBUG] 2018-10-02 22:14:15.536 [main] LoadPlanTreePrinter - LoadPlan(entity=edu.matc.entity.HikerAccount)
    - Returns
       - EntityReturnImpl(entity=edu.matc.entity.HikerAccount, querySpaceUid=<gen:0>, path=edu.matc.entity.HikerAccount)
    - QuerySpaces
       - EntityQuerySpaceImpl(uid=<gen:0>, entity=edu.matc.entity.HikerAccount)
          - SQL table alias mapping - hikeraccou0_
          - alias suffix - 0_
          - suffixed key columns - {id1_0_0_}

[DEBUG] 2018-10-02 22:14:15.536 [main] EntityLoader - Static select for entity edu.matc.entity.HikerAccount [UPGRADE_NOWAIT]: select hikeraccou0_.id as id1_0_0_, hikeraccou0_.city as city2_0_0_, hikeraccou0_.email_address as email_ad3_0_0_, hikeraccou0_.first_name as first_na4_0_0_, hikeraccou0_.last_name as last_nam5_0_0_, hikeraccou0_.state as state6_0_0_ from Hiker_Account hikeraccou0_ where hikeraccou0_.id=? for update
[DEBUG] 2018-10-02 22:14:15.538 [main] QuerySpacesImpl - Adding QuerySpace : uid = <gen:0> -> org.hibernate.loader.plan.build.internal.spaces.EntityQuerySpaceImpl@1af1347d]
[DEBUG] 2018-10-02 22:14:15.538 [main] MetamodelGraphWalker - Visiting attribute path : city
[DEBUG] 2018-10-02 22:14:15.538 [main] MetamodelGraphWalker - Visiting attribute path : emailAddress
[DEBUG] 2018-10-02 22:14:15.538 [main] MetamodelGraphWalker - Visiting attribute path : firstName
[DEBUG] 2018-10-02 22:14:15.539 [main] MetamodelGraphWalker - Visiting attribute path : lastName
[DEBUG] 2018-10-02 22:14:15.539 [main] MetamodelGraphWalker - Visiting attribute path : state
[DEBUG] 2018-10-02 22:14:15.539 [main] FetchStyleLoadPlanBuildingAssociationVisitationStrategy - Building LoadPlan...
[DEBUG] 2018-10-02 22:14:15.540 [main] LoadQueryJoinAndFetchProcessor - processing queryspace <gen:0>
[DEBUG] 2018-10-02 22:14:15.540 [main] LoadPlanTreePrinter - LoadPlan(entity=edu.matc.entity.HikerAccount)
    - Returns
       - EntityReturnImpl(entity=edu.matc.entity.HikerAccount, querySpaceUid=<gen:0>, path=edu.matc.entity.HikerAccount)
    - QuerySpaces
       - EntityQuerySpaceImpl(uid=<gen:0>, entity=edu.matc.entity.HikerAccount)
          - SQL table alias mapping - hikeraccou0_
          - alias suffix - 0_
          - suffixed key columns - {id1_0_0_}

[DEBUG] 2018-10-02 22:14:15.541 [main] EntityLoader - Static select for entity edu.matc.entity.HikerAccount [UPGRADE_SKIPLOCKED]: select hikeraccou0_.id as id1_0_0_, hikeraccou0_.city as city2_0_0_, hikeraccou0_.email_address as email_ad3_0_0_, hikeraccou0_.first_name as first_na4_0_0_, hikeraccou0_.last_name as last_nam5_0_0_, hikeraccou0_.state as state6_0_0_ from Hiker_Account hikeraccou0_ where hikeraccou0_.id=? for update
[DEBUG] 2018-10-02 22:14:15.541 [main] QuerySpacesImpl - Adding QuerySpace : uid = <gen:0> -> org.hibernate.loader.plan.build.internal.spaces.EntityQuerySpaceImpl@20765ed5]
[DEBUG] 2018-10-02 22:14:15.541 [main] MetamodelGraphWalker - Visiting attribute path : city
[DEBUG] 2018-10-02 22:14:15.541 [main] MetamodelGraphWalker - Visiting attribute path : emailAddress
[DEBUG] 2018-10-02 22:14:15.542 [main] MetamodelGraphWalker - Visiting attribute path : firstName
[DEBUG] 2018-10-02 22:14:15.542 [main] MetamodelGraphWalker - Visiting attribute path : lastName
[DEBUG] 2018-10-02 22:14:15.542 [main] MetamodelGraphWalker - Visiting attribute path : state
[DEBUG] 2018-10-02 22:14:15.542 [main] FetchStyleLoadPlanBuildingAssociationVisitationStrategy - Building LoadPlan...
[DEBUG] 2018-10-02 22:14:15.542 [main] LoadQueryJoinAndFetchProcessor - processing queryspace <gen:0>
[DEBUG] 2018-10-02 22:14:15.549 [main] LoadPlanTreePrinter - LoadPlan(entity=edu.matc.entity.HikerAccount)
    - Returns
       - EntityReturnImpl(entity=edu.matc.entity.HikerAccount, querySpaceUid=<gen:0>, path=edu.matc.entity.HikerAccount)
    - QuerySpaces
       - EntityQuerySpaceImpl(uid=<gen:0>, entity=edu.matc.entity.HikerAccount)
          - SQL table alias mapping - hikeraccou0_
          - alias suffix - 0_
          - suffixed key columns - {id1_0_0_}

[DEBUG] 2018-10-02 22:14:15.550 [main] EntityLoader - Static select for entity edu.matc.entity.HikerAccount [FORCE]: select hikeraccou0_.id as id1_0_0_, hikeraccou0_.city as city2_0_0_, hikeraccou0_.email_address as email_ad3_0_0_, hikeraccou0_.first_name as first_na4_0_0_, hikeraccou0_.last_name as last_nam5_0_0_, hikeraccou0_.state as state6_0_0_ from Hiker_Account hikeraccou0_ where hikeraccou0_.id=? for update
[DEBUG] 2018-10-02 22:14:15.550 [main] QuerySpacesImpl - Adding QuerySpace : uid = <gen:0> -> org.hibernate.loader.plan.build.internal.spaces.EntityQuerySpaceImpl@2899a8db]
[DEBUG] 2018-10-02 22:14:15.550 [main] MetamodelGraphWalker - Visiting attribute path : city
[DEBUG] 2018-10-02 22:14:15.559 [main] MetamodelGraphWalker - Visiting attribute path : emailAddress
[DEBUG] 2018-10-02 22:14:15.559 [main] MetamodelGraphWalker - Visiting attribute path : firstName
[DEBUG] 2018-10-02 22:14:15.559 [main] MetamodelGraphWalker - Visiting attribute path : lastName
[DEBUG] 2018-10-02 22:14:15.560 [main] MetamodelGraphWalker - Visiting attribute path : state
[DEBUG] 2018-10-02 22:14:15.561 [main] FetchStyleLoadPlanBuildingAssociationVisitationStrategy - Building LoadPlan...
[DEBUG] 2018-10-02 22:14:15.561 [main] LoadQueryJoinAndFetchProcessor - processing queryspace <gen:0>
[DEBUG] 2018-10-02 22:14:15.562 [main] LoadPlanTreePrinter - LoadPlan(entity=edu.matc.entity.HikerAccount)
    - Returns
       - EntityReturnImpl(entity=edu.matc.entity.HikerAccount, querySpaceUid=<gen:0>, path=edu.matc.entity.HikerAccount)
    - QuerySpaces
       - EntityQuerySpaceImpl(uid=<gen:0>, entity=edu.matc.entity.HikerAccount)
          - SQL table alias mapping - hikeraccou0_
          - alias suffix - 0_
          - suffixed key columns - {id1_0_0_}

[DEBUG] 2018-10-02 22:14:15.562 [main] EntityLoader - Static select for entity edu.matc.entity.HikerAccount [PESSIMISTIC_READ]: select hikeraccou0_.id as id1_0_0_, hikeraccou0_.city as city2_0_0_, hikeraccou0_.email_address as email_ad3_0_0_, hikeraccou0_.first_name as first_na4_0_0_, hikeraccou0_.last_name as last_nam5_0_0_, hikeraccou0_.state as state6_0_0_ from Hiker_Account hikeraccou0_ where hikeraccou0_.id=? lock in share mode
[DEBUG] 2018-10-02 22:14:15.562 [main] QuerySpacesImpl - Adding QuerySpace : uid = <gen:0> -> org.hibernate.loader.plan.build.internal.spaces.EntityQuerySpaceImpl@c1a4620]
[DEBUG] 2018-10-02 22:14:15.563 [main] MetamodelGraphWalker - Visiting attribute path : city
[DEBUG] 2018-10-02 22:14:15.563 [main] MetamodelGraphWalker - Visiting attribute path : emailAddress
[DEBUG] 2018-10-02 22:14:15.563 [main] MetamodelGraphWalker - Visiting attribute path : firstName
[DEBUG] 2018-10-02 22:14:15.563 [main] MetamodelGraphWalker - Visiting attribute path : lastName
[DEBUG] 2018-10-02 22:14:15.563 [main] MetamodelGraphWalker - Visiting attribute path : state
[DEBUG] 2018-10-02 22:14:15.564 [main] FetchStyleLoadPlanBuildingAssociationVisitationStrategy - Building LoadPlan...
[DEBUG] 2018-10-02 22:14:15.565 [main] LoadQueryJoinAndFetchProcessor - processing queryspace <gen:0>
[DEBUG] 2018-10-02 22:14:15.566 [main] LoadPlanTreePrinter - LoadPlan(entity=edu.matc.entity.HikerAccount)
    - Returns
       - EntityReturnImpl(entity=edu.matc.entity.HikerAccount, querySpaceUid=<gen:0>, path=edu.matc.entity.HikerAccount)
    - QuerySpaces
       - EntityQuerySpaceImpl(uid=<gen:0>, entity=edu.matc.entity.HikerAccount)
          - SQL table alias mapping - hikeraccou0_
          - alias suffix - 0_
          - suffixed key columns - {id1_0_0_}

[DEBUG] 2018-10-02 22:14:15.566 [main] EntityLoader - Static select for entity edu.matc.entity.HikerAccount [PESSIMISTIC_WRITE]: select hikeraccou0_.id as id1_0_0_, hikeraccou0_.city as city2_0_0_, hikeraccou0_.email_address as email_ad3_0_0_, hikeraccou0_.first_name as first_na4_0_0_, hikeraccou0_.last_name as last_nam5_0_0_, hikeraccou0_.state as state6_0_0_ from Hiker_Account hikeraccou0_ where hikeraccou0_.id=? for update
[DEBUG] 2018-10-02 22:14:15.567 [main] QuerySpacesImpl - Adding QuerySpace : uid = <gen:0> -> org.hibernate.loader.plan.build.internal.spaces.EntityQuerySpaceImpl@130a0f66]
[DEBUG] 2018-10-02 22:14:15.567 [main] MetamodelGraphWalker - Visiting attribute path : city
[DEBUG] 2018-10-02 22:14:15.567 [main] MetamodelGraphWalker - Visiting attribute path : emailAddress
[DEBUG] 2018-10-02 22:14:15.568 [main] MetamodelGraphWalker - Visiting attribute path : firstName
[DEBUG] 2018-10-02 22:14:15.568 [main] MetamodelGraphWalker - Visiting attribute path : lastName
[DEBUG] 2018-10-02 22:14:15.568 [main] MetamodelGraphWalker - Visiting attribute path : state
[DEBUG] 2018-10-02 22:14:15.568 [main] FetchStyleLoadPlanBuildingAssociationVisitationStrategy - Building LoadPlan...
[DEBUG] 2018-10-02 22:14:15.570 [main] LoadQueryJoinAndFetchProcessor - processing queryspace <gen:0>
[DEBUG] 2018-10-02 22:14:15.571 [main] LoadPlanTreePrinter - LoadPlan(entity=edu.matc.entity.HikerAccount)
    - Returns
       - EntityReturnImpl(entity=edu.matc.entity.HikerAccount, querySpaceUid=<gen:0>, path=edu.matc.entity.HikerAccount)
    - QuerySpaces
       - EntityQuerySpaceImpl(uid=<gen:0>, entity=edu.matc.entity.HikerAccount)
          - SQL table alias mapping - hikeraccou0_
          - alias suffix - 0_
          - suffixed key columns - {id1_0_0_}

[DEBUG] 2018-10-02 22:14:15.571 [main] EntityLoader - Static select for entity edu.matc.entity.HikerAccount [PESSIMISTIC_FORCE_INCREMENT]: select hikeraccou0_.id as id1_0_0_, hikeraccou0_.city as city2_0_0_, hikeraccou0_.email_address as email_ad3_0_0_, hikeraccou0_.first_name as first_na4_0_0_, hikeraccou0_.last_name as last_nam5_0_0_, hikeraccou0_.state as state6_0_0_ from Hiker_Account hikeraccou0_ where hikeraccou0_.id=? for update
[DEBUG] 2018-10-02 22:14:15.571 [main] QuerySpacesImpl - Adding QuerySpace : uid = <gen:0> -> org.hibernate.loader.plan.build.internal.spaces.EntityQuerySpaceImpl@12365c88]
[DEBUG] 2018-10-02 22:14:15.573 [main] MetamodelGraphWalker - Visiting attribute path : city
[DEBUG] 2018-10-02 22:14:15.573 [main] MetamodelGraphWalker - Visiting attribute path : emailAddress
[DEBUG] 2018-10-02 22:14:15.573 [main] MetamodelGraphWalker - Visiting attribute path : firstName
[DEBUG] 2018-10-02 22:14:15.573 [main] MetamodelGraphWalker - Visiting attribute path : lastName
[DEBUG] 2018-10-02 22:14:15.573 [main] MetamodelGraphWalker - Visiting attribute path : state
[DEBUG] 2018-10-02 22:14:15.574 [main] FetchStyleLoadPlanBuildingAssociationVisitationStrategy - Building LoadPlan...
[DEBUG] 2018-10-02 22:14:15.575 [main] LoadQueryJoinAndFetchProcessor - processing queryspace <gen:0>
[DEBUG] 2018-10-02 22:14:15.577 [main] LoadPlanTreePrinter - LoadPlan(entity=edu.matc.entity.HikerAccount)
    - Returns
       - EntityReturnImpl(entity=edu.matc.entity.HikerAccount, querySpaceUid=<gen:0>, path=edu.matc.entity.HikerAccount)
    - QuerySpaces
       - EntityQuerySpaceImpl(uid=<gen:0>, entity=edu.matc.entity.HikerAccount)
          - SQL table alias mapping - hikeraccou0_
          - alias suffix - 0_
          - suffixed key columns - {id1_0_0_}

[DEBUG] 2018-10-02 22:14:15.578 [main] EntityLoader - Static select for entity edu.matc.entity.HikerAccount [OPTIMISTIC]: select hikeraccou0_.id as id1_0_0_, hikeraccou0_.city as city2_0_0_, hikeraccou0_.email_address as email_ad3_0_0_, hikeraccou0_.first_name as first_na4_0_0_, hikeraccou0_.last_name as last_nam5_0_0_, hikeraccou0_.state as state6_0_0_ from Hiker_Account hikeraccou0_ where hikeraccou0_.id=?
[DEBUG] 2018-10-02 22:14:15.578 [main] QuerySpacesImpl - Adding QuerySpace : uid = <gen:0> -> org.hibernate.loader.plan.build.internal.spaces.EntityQuerySpaceImpl@2237bada]
[DEBUG] 2018-10-02 22:14:15.578 [main] MetamodelGraphWalker - Visiting attribute path : city
[DEBUG] 2018-10-02 22:14:15.578 [main] MetamodelGraphWalker - Visiting attribute path : emailAddress
[DEBUG] 2018-10-02 22:14:15.579 [main] MetamodelGraphWalker - Visiting attribute path : firstName
[DEBUG] 2018-10-02 22:14:15.579 [main] MetamodelGraphWalker - Visiting attribute path : lastName
[DEBUG] 2018-10-02 22:14:15.579 [main] MetamodelGraphWalker - Visiting attribute path : state
[DEBUG] 2018-10-02 22:14:15.579 [main] FetchStyleLoadPlanBuildingAssociationVisitationStrategy - Building LoadPlan...
[DEBUG] 2018-10-02 22:14:15.580 [main] LoadQueryJoinAndFetchProcessor - processing queryspace <gen:0>
[DEBUG] 2018-10-02 22:14:15.581 [main] LoadPlanTreePrinter - LoadPlan(entity=edu.matc.entity.HikerAccount)
    - Returns
       - EntityReturnImpl(entity=edu.matc.entity.HikerAccount, querySpaceUid=<gen:0>, path=edu.matc.entity.HikerAccount)
    - QuerySpaces
       - EntityQuerySpaceImpl(uid=<gen:0>, entity=edu.matc.entity.HikerAccount)
          - SQL table alias mapping - hikeraccou0_
          - alias suffix - 0_
          - suffixed key columns - {id1_0_0_}

[DEBUG] 2018-10-02 22:14:15.584 [main] EntityLoader - Static select for entity edu.matc.entity.HikerAccount [OPTIMISTIC_FORCE_INCREMENT]: select hikeraccou0_.id as id1_0_0_, hikeraccou0_.city as city2_0_0_, hikeraccou0_.email_address as email_ad3_0_0_, hikeraccou0_.first_name as first_na4_0_0_, hikeraccou0_.last_name as last_nam5_0_0_, hikeraccou0_.state as state6_0_0_ from Hiker_Account hikeraccou0_ where hikeraccou0_.id=?
[DEBUG] 2018-10-02 22:14:15.652 [main] Loader - Static select for action ACTION_MERGE on entity edu.matc.entity.HikerAccount: select hikeraccou0_.id as id1_0_0_, hikeraccou0_.city as city2_0_0_, hikeraccou0_.email_address as email_ad3_0_0_, hikeraccou0_.first_name as first_na4_0_0_, hikeraccou0_.last_name as last_nam5_0_0_, hikeraccou0_.state as state6_0_0_ from Hiker_Account hikeraccou0_ where hikeraccou0_.id=?
[DEBUG] 2018-10-02 22:14:15.656 [main] Loader - Static select for action ACTION_REFRESH on entity edu.matc.entity.HikerAccount: select hikeraccou0_.id as id1_0_0_, hikeraccou0_.city as city2_0_0_, hikeraccou0_.email_address as email_ad3_0_0_, hikeraccou0_.first_name as first_na4_0_0_, hikeraccou0_.last_name as last_nam5_0_0_, hikeraccou0_.state as state6_0_0_ from Hiker_Account hikeraccou0_ where hikeraccou0_.id=?
[DEBUG] 2018-10-02 22:14:15.765 [main] SchemaManagementToolCoordinator - No actions specified; doing nothing
[DEBUG] 2018-10-02 22:14:15.766 [main] JtaPlatformInitiator - No JtaPlatform was specified, checking resolver
[DEBUG] 2018-10-02 22:14:15.767 [main] JtaPlatformResolverInitiator - No JtaPlatformResolver was specified, using default [org.hibernate.engine.transaction.jta.platform.internal.StandardJtaPlatformResolver]
[DEBUG] 2018-10-02 22:14:15.780 [main] StandardJtaPlatformResolver - Could not resolve JtaPlatform, using default [org.hibernate.engine.transaction.jta.platform.internal.NoJtaPlatform]
[DEBUG] 2018-10-02 22:14:15.783 [main] NamedQueryRepository - Checking 0 named HQL queries
[DEBUG] 2018-10-02 22:14:15.783 [main] NamedQueryRepository - Checking 0 named SQL queries
[DEBUG] 2018-10-02 22:14:15.787 [main] SessionFactoryRegistry - Initializing SessionFactoryRegistry : org.hibernate.internal.SessionFactoryRegistry@325f7fa9
[DEBUG] 2018-10-02 22:14:15.793 [main] SessionFactoryRegistry - Registering SessionFactory: e2b16bd7-bbf5-4469-9fe0-7ab9ae262f5d (<unnamed>)
[DEBUG] 2018-10-02 22:14:15.794 [main] SessionFactoryRegistry - Not binding SessionFactory to JNDI, no JNDI name configured
[DEBUG] 2018-10-02 22:14:16.534 [main] StatisticsInitiator - Statistics initialized [enabled=false]
[DEBUG] 2018-10-02 22:14:16.617 [main] SQL - select hikeraccou0_.id as id1_0_0_, hikeraccou0_.city as city2_0_0_, hikeraccou0_.email_address as email_ad3_0_0_, hikeraccou0_.first_name as first_na4_0_0_, hikeraccou0_.last_name as last_nam5_0_0_, hikeraccou0_.state as state6_0_0_ from Hiker_Account hikeraccou0_ where hikeraccou0_.id=?
[DEBUG] 2018-10-02 22:14:16.782 [main] ResultSetProcessorImpl - Starting ResultSet row #0
[DEBUG] 2018-10-02 22:14:16.786 [main] EntityReferenceInitializerImpl - On call to EntityIdentifierReaderImpl#resolve, EntityKey was already known; should only happen on root returns with an optional identifier specified
[DEBUG] 2018-10-02 22:14:16.862 [main] TwoPhaseLoad - Resolving associations for [edu.matc.entity.HikerAccount#1]
[DEBUG] 2018-10-02 22:14:16.882 [main] TwoPhaseLoad - Done materializing entity [edu.matc.entity.HikerAccount#1]
[DEBUG] 2018-10-02 22:14:16.895 [main] ResourceRegistryStandardImpl - HHH000387: ResultSet's statement was not registered
[DEBUG] 2018-10-02 22:14:16.896 [main] AbstractLoadPlanBasedEntityLoader - Done entity load : edu.matc.entity.HikerAccount#1
[DEBUG] 2018-10-02 22:14:16.897 [main] LogicalConnectionManagedImpl - Initiating JDBC connection release from afterTransaction
